2018-08-28 17:20:58 INFO  Version:21 - HV000001: Hibernate Validator 6.0.11.Final
2018-08-28 17:21:10 INFO  FileStatistics:41 - This is info : Object of FileStatistics Instantiated
2018-08-28 17:23:20 INFO  Version:21 - HV000001: Hibernate Validator 6.0.11.Final
2018-08-28 17:23:20 INFO  FileStatsRestControllerApplication:50 - Starting FileStatsRestControllerApplication on CT-0014 with PID 7948 (started by mayank.patel in C:\Users\mayank.patel\Desktop\Java Projects\mayank.patel\Java_Assignment_2\file-stats-rest-controller)
2018-08-28 17:23:20 INFO  FileStatsRestControllerApplication:662 - No active profile set, falling back to default profiles: default
2018-08-28 17:23:20 INFO  AnnotationConfigServletWebServerApplicationContext:590 - Refreshing org.springframework.boot.web.servlet.context.AnnotationConfigServletWebServerApplicationContext@b59d31: startup date [Tue Aug 28 17:23:20 IST 2018]; root of context hierarchy
2018-08-28 17:23:21 INFO  TomcatWebServer:91 - Tomcat initialized with port(s): 8080 (http)
2018-08-28 17:23:21 INFO  ContextLoader:285 - Root WebApplicationContext: initialization completed in 1424 ms
2018-08-28 17:23:21 INFO  ServletRegistrationBean:187 - Servlet dispatcherServlet mapped to [/]
2018-08-28 17:23:21 INFO  FilterRegistrationBean:245 - Mapping filter: 'characterEncodingFilter' to: [/*]
2018-08-28 17:23:21 INFO  FilterRegistrationBean:245 - Mapping filter: 'hiddenHttpMethodFilter' to: [/*]
2018-08-28 17:23:21 INFO  FilterRegistrationBean:245 - Mapping filter: 'httpPutFormContentFilter' to: [/*]
2018-08-28 17:23:21 INFO  FilterRegistrationBean:245 - Mapping filter: 'requestContextFilter' to: [/*]
2018-08-28 17:23:21 INFO  FilterRegistrationBean:245 - Mapping filter: 'resourceUrlEncodingFilter' to: [/*]
2018-08-28 17:23:21 INFO  ThreadPoolTaskExecutor:171 - Initializing ExecutorService  'clientInboundChannelExecutor'
2018-08-28 17:23:21 INFO  ThreadPoolTaskExecutor:171 - Initializing ExecutorService  'clientOutboundChannelExecutor'
2018-08-28 17:23:22 INFO  FileStatistics:41 - This is info : Object of FileStatistics Instantiated
2018-08-28 17:23:22 INFO  ThreadPoolTaskScheduler:171 - Initializing ExecutorService  'messageBrokerTaskScheduler'
2018-08-28 17:23:22 INFO  WebSocketHandlerMapping:373 - Mapped URL path [/filestatisticsui/**] onto handler of type [class org.springframework.web.socket.sockjs.support.SockJsHttpRequestHandler]
2018-08-28 17:23:22 INFO  ThreadPoolTaskExecutor:171 - Initializing ExecutorService  'brokerChannelExecutor'
2018-08-28 17:23:22 INFO  WebSocketAnnotationMethodMessageHandler:338 - Mapped "{[/message],messageType=[MESSAGE]}" onto public java.lang.String controller.SocketController.progress(java.lang.String) throws java.lang.Exception
2018-08-28 17:23:22 INFO  SimpleUrlHandlerMapping:373 - Mapped URL path [/**/favicon.ico] onto handler of type [class org.springframework.web.servlet.resource.ResourceHttpRequestHandler]
2018-08-28 17:23:22 INFO  RequestMappingHandlerAdapter:574 - Looking for @ControllerAdvice: org.springframework.boot.web.servlet.context.AnnotationConfigServletWebServerApplicationContext@b59d31: startup date [Tue Aug 28 17:23:20 IST 2018]; root of context hierarchy
2018-08-28 17:23:22 INFO  RequestMappingHandlerMapping:547 - Mapped "{[/tokensForAFile]}" onto public java.util.HashMap<java.lang.String, java.lang.Integer> controller.ControllerForFileStats.getTokens(java.lang.String)
2018-08-28 17:23:22 INFO  RequestMappingHandlerMapping:547 - Mapped "{[/lastFolder]}" onto public java.lang.String controller.ControllerForFileStats.getListOfPaths()
2018-08-28 17:23:22 INFO  RequestMappingHandlerMapping:547 - Mapped "{[/filesInThisFolder]}" onto public java.util.ArrayList<model.DirectoryFile> controller.ControllerForFileStats.getListOfFiles(java.lang.String)
2018-08-28 17:23:22 INFO  RequestMappingHandlerMapping:547 - Mapped "{[/openFileInViewer]}" onto public java.util.ArrayList<java.lang.Integer> controller.ControllerForFileStats.openFile(java.lang.String)
2018-08-28 17:23:22 INFO  RequestMappingHandlerMapping:547 - Mapped "{[/addPath]}" onto public java.util.HashSet<java.lang.String> controller.ControllerForFileStats.addAPath(java.lang.String)
2018-08-28 17:23:22 INFO  RequestMappingHandlerMapping:547 - Mapped "{[/searchPattern]}" onto public java.util.ArrayList<model.DirectoryFile> controller.ControllerForFileStats.searchPattern(java.lang.String,java.lang.String)
2018-08-28 17:23:22 INFO  RequestMappingHandlerMapping:547 - Mapped "{[/searchKeyword]}" onto public java.util.ArrayList<model.DirectoryFile> controller.ControllerForFileStats.searchKeyword(java.lang.String,java.lang.String)
2018-08-28 17:23:22 INFO  RequestMappingHandlerMapping:547 - Mapped "{[/error]}" onto public org.springframework.http.ResponseEntity<java.util.Map<java.lang.String, java.lang.Object>> org.springframework.boot.autoconfigure.web.servlet.error.BasicErrorController.error(javax.servlet.http.HttpServletRequest)
2018-08-28 17:23:22 INFO  RequestMappingHandlerMapping:547 - Mapped "{[/error],produces=[text/html]}" onto public org.springframework.web.servlet.ModelAndView org.springframework.boot.autoconfigure.web.servlet.error.BasicErrorController.errorHtml(javax.servlet.http.HttpServletRequest,javax.servlet.http.HttpServletResponse)
2018-08-28 17:23:22 INFO  SimpleUrlHandlerMapping:373 - Mapped URL path [/webjars/**] onto handler of type [class org.springframework.web.servlet.resource.ResourceHttpRequestHandler]
2018-08-28 17:23:22 INFO  SimpleUrlHandlerMapping:373 - Mapped URL path [/**] onto handler of type [class org.springframework.web.servlet.resource.ResourceHttpRequestHandler]
2018-08-28 17:23:22 INFO  WelcomePageHandlerMapping:56 - Adding welcome page: class path resource [static/index.html]
2018-08-28 17:23:22 INFO  AnnotationMBeanExporter:433 - Registering beans for JMX exposure on startup
2018-08-28 17:23:22 INFO  DefaultLifecycleProcessor:351 - Starting beans in phase 2147483647
2018-08-28 17:23:22 INFO  SimpleBrokerMessageHandler:158 - Starting...
2018-08-28 17:23:22 INFO  SimpleBrokerMessageHandler:256 - BrokerAvailabilityEvent[available=true, SimpleBrokerMessageHandler [DefaultSubscriptionRegistry[cache[0 destination(s)], registry[0 sessions]]]]
2018-08-28 17:23:22 INFO  SimpleBrokerMessageHandler:166 - Started.
2018-08-28 17:23:22 INFO  TomcatWebServer:206 - Tomcat started on port(s): 8080 (http) with context path ''
2018-08-28 17:23:22 INFO  FileStatsRestControllerApplication:59 - Started FileStatsRestControllerApplication in 2.782 seconds (JVM running for 3.514)
2018-08-28 17:23:29 INFO  DispatcherServlet:494 - FrameworkServlet 'dispatcherServlet': initialization started
2018-08-28 17:23:29 INFO  DispatcherServlet:509 - FrameworkServlet 'dispatcherServlet': initialization completed in 29 ms
2018-08-28 17:24:22 INFO  WebSocketMessageBrokerStats:124 - WebSocketSession[1 current WS(1)-HttpStream(0)-HttpPoll(0), 1 total, 0 closed abnormally (0 connect failure, 0 send limit, 0 transport error)], stompSubProtocol[processed CONNECT(1)-CONNECTED(1)-DISCONNECT(0)], stompBrokerRelay[null], inboundChannel[pool size = 8, active threads = 0, queued tasks = 0, completed tasks = 9], outboundChannelpool size = 1, active threads = 0, queued tasks = 0, completed tasks = 1], sockJsScheduler[pool size = 4, active threads = 1, queued tasks = 2, completed tasks = 13]
2018-08-28 17:53:39 INFO  SpringApplicationAdminMXBeanRegistrar$SpringApplicationAdmin:132 - Application shutdown requested.
2018-08-28 17:53:39 INFO  AnnotationConfigServletWebServerApplicationContext:993 - Closing org.springframework.boot.web.servlet.context.AnnotationConfigServletWebServerApplicationContext@b59d31: startup date [Tue Aug 28 17:23:20 IST 2018]; root of context hierarchy
2018-08-28 17:53:39 INFO  DefaultLifecycleProcessor:366 - Stopping beans in phase 2147483647
2018-08-28 17:53:39 INFO  SimpleBrokerMessageHandler:176 - Stopping...
2018-08-28 17:53:39 INFO  SimpleBrokerMessageHandler:266 - BrokerAvailabilityEvent[available=false, SimpleBrokerMessageHandler [DefaultSubscriptionRegistry[cache[0 destination(s)], registry[0 sessions]]]]
2018-08-28 17:53:39 INFO  SimpleBrokerMessageHandler:184 - Stopped.
2018-08-28 17:53:39 INFO  AnnotationMBeanExporter:451 - Unregistering JMX-exposed beans on shutdown
2018-08-28 17:53:39 INFO  ThreadPoolTaskExecutor:208 - Shutting down ExecutorService 'brokerChannelExecutor'
2018-08-28 17:53:39 INFO  ThreadPoolTaskScheduler:208 - Shutting down ExecutorService 'messageBrokerTaskScheduler'
2018-08-28 17:53:39 INFO  ThreadPoolTaskExecutor:208 - Shutting down ExecutorService 'clientOutboundChannelExecutor'
2018-08-28 17:53:39 INFO  ThreadPoolTaskExecutor:208 - Shutting down ExecutorService 'clientInboundChannelExecutor'
2018-08-28 17:53:42 INFO  Version:21 - HV000001: Hibernate Validator 6.0.11.Final
2018-08-28 17:53:42 INFO  FileStatsRestControllerApplication:50 - Starting FileStatsRestControllerApplication on CT-0014 with PID 46888 (started by mayank.patel in C:\Users\mayank.patel\Desktop\Java Projects\mayank.patel\Java_Assignment_2\file-stats-rest-controller)
2018-08-28 17:53:42 INFO  FileStatsRestControllerApplication:662 - No active profile set, falling back to default profiles: default
2018-08-28 17:53:42 INFO  AnnotationConfigServletWebServerApplicationContext:590 - Refreshing org.springframework.boot.web.servlet.context.AnnotationConfigServletWebServerApplicationContext@365c30cc: startup date [Tue Aug 28 17:53:42 IST 2018]; root of context hierarchy
2018-08-28 17:53:43 INFO  TomcatWebServer:91 - Tomcat initialized with port(s): 8080 (http)
2018-08-28 17:53:43 INFO  ContextLoader:285 - Root WebApplicationContext: initialization completed in 1441 ms
2018-08-28 17:53:43 INFO  ServletRegistrationBean:187 - Servlet dispatcherServlet mapped to [/]
2018-08-28 17:53:43 INFO  FilterRegistrationBean:245 - Mapping filter: 'characterEncodingFilter' to: [/*]
2018-08-28 17:53:43 INFO  FilterRegistrationBean:245 - Mapping filter: 'hiddenHttpMethodFilter' to: [/*]
2018-08-28 17:53:43 INFO  FilterRegistrationBean:245 - Mapping filter: 'httpPutFormContentFilter' to: [/*]
2018-08-28 17:53:43 INFO  FilterRegistrationBean:245 - Mapping filter: 'requestContextFilter' to: [/*]
2018-08-28 17:53:43 INFO  FilterRegistrationBean:245 - Mapping filter: 'resourceUrlEncodingFilter' to: [/*]
2018-08-28 17:53:43 INFO  FileStatistics:53 - Object of FileStatistics Instantiated
2018-08-28 17:53:43 INFO  ThreadPoolTaskExecutor:171 - Initializing ExecutorService  'clientInboundChannelExecutor'
2018-08-28 17:53:43 INFO  ThreadPoolTaskExecutor:171 - Initializing ExecutorService  'clientOutboundChannelExecutor'
2018-08-28 17:53:43 INFO  FileStatistics:41 - Object of FileStatistics Instantiated
2018-08-28 17:53:43 INFO  ThreadPoolTaskScheduler:171 - Initializing ExecutorService  'messageBrokerTaskScheduler'
2018-08-28 17:53:44 INFO  WebSocketHandlerMapping:373 - Mapped URL path [/filestatisticsui/**] onto handler of type [class org.springframework.web.socket.sockjs.support.SockJsHttpRequestHandler]
2018-08-28 17:53:44 INFO  ThreadPoolTaskExecutor:171 - Initializing ExecutorService  'brokerChannelExecutor'
2018-08-28 17:53:44 INFO  WebSocketAnnotationMethodMessageHandler:338 - Mapped "{[/message],messageType=[MESSAGE]}" onto public java.lang.String controller.SocketController.progress(java.lang.String) throws java.lang.Exception
2018-08-28 17:53:44 INFO  SimpleUrlHandlerMapping:373 - Mapped URL path [/**/favicon.ico] onto handler of type [class org.springframework.web.servlet.resource.ResourceHttpRequestHandler]
2018-08-28 17:53:44 INFO  RequestMappingHandlerAdapter:574 - Looking for @ControllerAdvice: org.springframework.boot.web.servlet.context.AnnotationConfigServletWebServerApplicationContext@365c30cc: startup date [Tue Aug 28 17:53:42 IST 2018]; root of context hierarchy
2018-08-28 17:53:44 INFO  RequestMappingHandlerMapping:547 - Mapped "{[/lastFolder]}" onto public java.lang.String controller.ControllerForFileStats.getListOfPaths()
2018-08-28 17:53:44 INFO  RequestMappingHandlerMapping:547 - Mapped "{[/tokensForAFile]}" onto public java.util.HashMap<java.lang.String, java.lang.Integer> controller.ControllerForFileStats.getTokens(java.lang.String)
2018-08-28 17:53:44 INFO  RequestMappingHandlerMapping:547 - Mapped "{[/openFileInViewer]}" onto public java.util.ArrayList<java.lang.Integer> controller.ControllerForFileStats.openFile(java.lang.String)
2018-08-28 17:53:44 INFO  RequestMappingHandlerMapping:547 - Mapped "{[/filesInThisFolder]}" onto public java.util.ArrayList<model.DirectoryFile> controller.ControllerForFileStats.getListOfFiles(java.lang.String)
2018-08-28 17:53:44 INFO  RequestMappingHandlerMapping:547 - Mapped "{[/searchKeyword]}" onto public java.util.ArrayList<model.DirectoryFile> controller.ControllerForFileStats.searchKeyword(java.lang.String,java.lang.String)
2018-08-28 17:53:44 INFO  RequestMappingHandlerMapping:547 - Mapped "{[/searchPattern]}" onto public java.util.ArrayList<model.DirectoryFile> controller.ControllerForFileStats.searchPattern(java.lang.String,java.lang.String)
2018-08-28 17:53:44 INFO  RequestMappingHandlerMapping:547 - Mapped "{[/addPath]}" onto public java.util.HashSet<java.lang.String> controller.ControllerForFileStats.addAPath(java.lang.String)
2018-08-28 17:53:44 INFO  RequestMappingHandlerMapping:547 - Mapped "{[/error]}" onto public org.springframework.http.ResponseEntity<java.util.Map<java.lang.String, java.lang.Object>> org.springframework.boot.autoconfigure.web.servlet.error.BasicErrorController.error(javax.servlet.http.HttpServletRequest)
2018-08-28 17:53:44 INFO  RequestMappingHandlerMapping:547 - Mapped "{[/error],produces=[text/html]}" onto public org.springframework.web.servlet.ModelAndView org.springframework.boot.autoconfigure.web.servlet.error.BasicErrorController.errorHtml(javax.servlet.http.HttpServletRequest,javax.servlet.http.HttpServletResponse)
2018-08-28 17:53:44 INFO  SimpleUrlHandlerMapping:373 - Mapped URL path [/webjars/**] onto handler of type [class org.springframework.web.servlet.resource.ResourceHttpRequestHandler]
2018-08-28 17:53:44 INFO  SimpleUrlHandlerMapping:373 - Mapped URL path [/**] onto handler of type [class org.springframework.web.servlet.resource.ResourceHttpRequestHandler]
2018-08-28 17:53:44 INFO  WelcomePageHandlerMapping:56 - Adding welcome page: class path resource [static/index.html]
2018-08-28 17:53:44 INFO  AnnotationMBeanExporter:433 - Registering beans for JMX exposure on startup
2018-08-28 17:53:44 INFO  DefaultLifecycleProcessor:351 - Starting beans in phase 2147483647
2018-08-28 17:53:44 INFO  SimpleBrokerMessageHandler:158 - Starting...
2018-08-28 17:53:44 INFO  SimpleBrokerMessageHandler:256 - BrokerAvailabilityEvent[available=true, SimpleBrokerMessageHandler [DefaultSubscriptionRegistry[cache[0 destination(s)], registry[0 sessions]]]]
2018-08-28 17:53:44 INFO  SimpleBrokerMessageHandler:166 - Started.
2018-08-28 17:53:44 INFO  TomcatWebServer:206 - Tomcat started on port(s): 8080 (http) with context path ''
2018-08-28 17:53:44 INFO  FileStatsRestControllerApplication:59 - Started FileStatsRestControllerApplication in 2.822 seconds (JVM running for 3.58)
2018-08-28 17:53:49 INFO  DispatcherServlet:494 - FrameworkServlet 'dispatcherServlet': initialization started
2018-08-28 17:53:49 INFO  DispatcherServlet:509 - FrameworkServlet 'dispatcherServlet': initialization completed in 24 ms
2018-08-28 17:54:29 INFO  FileStatistics:77 - Request Recieved to add path: C:\Users\mayank.patel\Desktop\test_folder
2018-08-28 17:54:29 INFO  FileStatistics:53 - Object of FileStatistics Instantiated
2018-08-28 17:54:29 INFO  FileStatistics:43 - PathMap object created, Path: C:\Users\mayank.patel\Desktop\test_folder
2018-08-28 17:54:29 INFO  FileStatistics:33 - New DirectoryFile created, name: Another.txt
2018-08-28 17:54:29 INFO  FileStatistics:161 - Status sent to client: 12
2018-08-28 17:54:29 INFO  FileStatistics:33 - New DirectoryFile created, name: Folder_1
2018-08-28 17:54:29 INFO  FileStatistics:33 - New DirectoryFile created, name: Folder innner
2018-08-28 17:54:29 INFO  FileStatistics:33 - New DirectoryFile created, name: New Text Document (4) - Copy.txt
2018-08-28 17:54:29 INFO  FileStatistics:161 - Status sent to client: 25
2018-08-28 17:54:29 INFO  FileStatistics:33 - New DirectoryFile created, name: New Text Document.txt
2018-08-28 17:54:29 INFO  FileStatistics:161 - Status sent to client: 37
2018-08-28 17:54:29 INFO  FileStatistics:110 - All folders added for path: C:\Users\mayank.patel\Desktop\test_folder\Folder_1\Folder innner
2018-08-28 17:54:29 INFO  FileStatistics:33 - New DirectoryFile created, name: New Text Document.txt
2018-08-28 17:54:29 INFO  FileStatistics:161 - Status sent to client: 50
2018-08-28 17:54:29 INFO  FileStatistics:110 - All folders added for path: C:\Users\mayank.patel\Desktop\test_folder\Folder_1
2018-08-28 17:54:29 INFO  FileStatistics:33 - New DirectoryFile created, name: German.txt
2018-08-28 17:54:29 INFO  FileStatistics:161 - Status sent to client: 62
2018-08-28 17:54:29 INFO  FileStatistics:33 - New DirectoryFile created, name: New Text Document (3).txt
2018-08-28 17:54:29 INFO  FileStatistics:161 - Status sent to client: 75
2018-08-28 17:54:29 INFO  FileStatistics:33 - New DirectoryFile created, name: Test_file.txt
2018-08-28 17:54:29 INFO  FileStatistics:161 - Status sent to client: 87
2018-08-28 17:54:29 INFO  FileStatistics:33 - New DirectoryFile created, name: Third.txt
2018-08-28 17:54:29 INFO  FileStatistics:161 - Status sent to client: 100
2018-08-28 17:54:29 INFO  FileStatistics:110 - All folders added for path: C:\Users\mayank.patel\Desktop\test_folder
2018-08-28 17:54:29 INFO  FileStatistics:33 - New DirectoryFile created, name: test_folder
2018-08-28 17:54:29 INFO  FileStatistics:77 - Path added : {test_folder=model.PathMap@ffffffff}
2018-08-28 17:54:29 INFO  FileStatistics:90 - Path added: C:\Users\mayank.patel\Desktop\test_folder
2018-08-28 17:54:31 INFO  FileStatistics:55 - Request Recieved for files in folder: test_folder
2018-08-28 17:54:31 INFO  FileStatistics:53 - Object of FileStatistics Instantiated
2018-08-28 17:54:31 INFO  FileStatistics:43 - PathMap object created, Path: C:\Users\mayank.patel\Desktop\test_folder\Folder_1
2018-08-28 17:54:31 INFO  FileStatistics:33 - New DirectoryFile created, name: Folder innner
2018-08-28 17:54:31 INFO  FileStatistics:33 - New DirectoryFile created, name: New Text Document (4) - Copy.txt
2018-08-28 17:54:31 INFO  FileStatistics:33 - New DirectoryFile created, name: New Text Document.txt
2018-08-28 17:54:31 INFO  FileStatistics:33 - New DirectoryFile created, name: New Text Document.txt
2018-08-28 17:54:31 INFO  FileStatistics:33 - New DirectoryFile created, name: Folder_1
2018-08-28 17:54:31 INFO  FileStatistics:33 - New DirectoryFile created, name: test_folder
2018-08-28 17:54:31 INFO  FileStatistics:96 - Path inside a folder added: {Folder_1=model.PathMap@ffffffff, test_folder=model.PathMap@0}
2018-08-28 17:54:31 INFO  FileStatistics:116 - Files in folder: test_folder stored in the map
2018-08-28 17:54:31 INFO  FileStatistics:64 - Response Sent for files in folder: test_folder
2018-08-28 17:54:35 INFO  FileStatistics:160 - Request Recieved for tokens in:  Another
2018-08-28 17:54:44 INFO  WebSocketMessageBrokerStats:124 - WebSocketSession[1 current WS(1)-HttpStream(0)-HttpPoll(0), 1 total, 0 closed abnormally (0 connect failure, 0 send limit, 0 transport error)], stompSubProtocol[processed CONNECT(1)-CONNECTED(1)-DISCONNECT(0)], stompBrokerRelay[null], inboundChannel[pool size = 8, active threads = 0, queued tasks = 0, completed tasks = 9], outboundChannelpool size = 8, active threads = 0, queued tasks = 0, completed tasks = 9], sockJsScheduler[pool size = 4, active threads = 1, queued tasks = 2, completed tasks = 12]
2018-08-28 17:55:55 INFO  SpringApplicationAdminMXBeanRegistrar$SpringApplicationAdmin:132 - Application shutdown requested.
2018-08-28 17:55:55 INFO  AnnotationConfigServletWebServerApplicationContext:993 - Closing org.springframework.boot.web.servlet.context.AnnotationConfigServletWebServerApplicationContext@365c30cc: startup date [Tue Aug 28 17:53:42 IST 2018]; root of context hierarchy
2018-08-28 17:55:55 INFO  DefaultLifecycleProcessor:366 - Stopping beans in phase 2147483647
2018-08-28 17:55:55 INFO  SimpleBrokerMessageHandler:176 - Stopping...
2018-08-28 17:55:55 INFO  SimpleBrokerMessageHandler:266 - BrokerAvailabilityEvent[available=false, SimpleBrokerMessageHandler [DefaultSubscriptionRegistry[cache[0 destination(s)], registry[0 sessions]]]]
2018-08-28 17:55:55 INFO  SimpleBrokerMessageHandler:184 - Stopped.
2018-08-28 17:55:55 INFO  AnnotationMBeanExporter:451 - Unregistering JMX-exposed beans on shutdown
2018-08-28 17:55:55 INFO  ThreadPoolTaskExecutor:208 - Shutting down ExecutorService 'brokerChannelExecutor'
2018-08-28 17:55:55 INFO  ThreadPoolTaskScheduler:208 - Shutting down ExecutorService 'messageBrokerTaskScheduler'
2018-08-28 17:55:55 INFO  ThreadPoolTaskExecutor:208 - Shutting down ExecutorService 'clientOutboundChannelExecutor'
2018-08-28 17:55:55 INFO  ThreadPoolTaskExecutor:208 - Shutting down ExecutorService 'clientInboundChannelExecutor'
2018-08-28 17:56:12 INFO  Version:21 - HV000001: Hibernate Validator 6.0.11.Final
2018-08-28 17:56:12 INFO  FileStatsRestControllerApplication:50 - Starting FileStatsRestControllerApplication on CT-0014 with PID 38460 (started by mayank.patel in C:\Users\mayank.patel\Desktop\Java Projects\mayank.patel\Java_Assignment_2\file-stats-rest-controller)
2018-08-28 17:56:12 INFO  FileStatsRestControllerApplication:662 - No active profile set, falling back to default profiles: default
2018-08-28 17:56:12 INFO  AnnotationConfigServletWebServerApplicationContext:590 - Refreshing org.springframework.boot.web.servlet.context.AnnotationConfigServletWebServerApplicationContext@4df828d7: startup date [Tue Aug 28 17:56:12 IST 2018]; root of context hierarchy
2018-08-28 17:56:14 INFO  TomcatWebServer:91 - Tomcat initialized with port(s): 8080 (http)
2018-08-28 17:56:14 INFO  ContextLoader:285 - Root WebApplicationContext: initialization completed in 1505 ms
2018-08-28 17:56:14 INFO  ServletRegistrationBean:187 - Servlet dispatcherServlet mapped to [/]
2018-08-28 17:56:14 INFO  FilterRegistrationBean:245 - Mapping filter: 'characterEncodingFilter' to: [/*]
2018-08-28 17:56:14 INFO  FilterRegistrationBean:245 - Mapping filter: 'hiddenHttpMethodFilter' to: [/*]
2018-08-28 17:56:14 INFO  FilterRegistrationBean:245 - Mapping filter: 'httpPutFormContentFilter' to: [/*]
2018-08-28 17:56:14 INFO  FilterRegistrationBean:245 - Mapping filter: 'requestContextFilter' to: [/*]
2018-08-28 17:56:14 INFO  FilterRegistrationBean:245 - Mapping filter: 'resourceUrlEncodingFilter' to: [/*]
2018-08-28 17:56:14 INFO  FileStatistics:53 - Object of FileStatistics Instantiated
2018-08-28 17:56:14 INFO  ThreadPoolTaskExecutor:171 - Initializing ExecutorService  'clientInboundChannelExecutor'
2018-08-28 17:56:14 INFO  ThreadPoolTaskExecutor:171 - Initializing ExecutorService  'clientOutboundChannelExecutor'
2018-08-28 17:56:14 INFO  FileStatistics:41 - Object of FileStatistics Instantiated
2018-08-28 17:56:14 INFO  ThreadPoolTaskScheduler:171 - Initializing ExecutorService  'messageBrokerTaskScheduler'
2018-08-28 17:56:14 INFO  WebSocketHandlerMapping:373 - Mapped URL path [/filestatisticsui/**] onto handler of type [class org.springframework.web.socket.sockjs.support.SockJsHttpRequestHandler]
2018-08-28 17:56:14 INFO  ThreadPoolTaskExecutor:171 - Initializing ExecutorService  'brokerChannelExecutor'
2018-08-28 17:56:14 INFO  WebSocketAnnotationMethodMessageHandler:338 - Mapped "{[/message],messageType=[MESSAGE]}" onto public java.lang.String controller.SocketController.progress(java.lang.String) throws java.lang.Exception
2018-08-28 17:56:14 INFO  SimpleUrlHandlerMapping:373 - Mapped URL path [/**/favicon.ico] onto handler of type [class org.springframework.web.servlet.resource.ResourceHttpRequestHandler]
2018-08-28 17:56:14 INFO  RequestMappingHandlerAdapter:574 - Looking for @ControllerAdvice: org.springframework.boot.web.servlet.context.AnnotationConfigServletWebServerApplicationContext@4df828d7: startup date [Tue Aug 28 17:56:12 IST 2018]; root of context hierarchy
2018-08-28 17:56:14 INFO  RequestMappingHandlerMapping:547 - Mapped "{[/addPath]}" onto public java.util.HashSet<java.lang.String> controller.ControllerForFileStats.addAPath(java.lang.String)
2018-08-28 17:56:14 INFO  RequestMappingHandlerMapping:547 - Mapped "{[/searchPattern]}" onto public java.util.ArrayList<model.DirectoryFile> controller.ControllerForFileStats.searchPattern(java.lang.String,java.lang.String)
2018-08-28 17:56:14 INFO  RequestMappingHandlerMapping:547 - Mapped "{[/filesInThisFolder]}" onto public java.util.ArrayList<model.DirectoryFile> controller.ControllerForFileStats.getListOfFiles(java.lang.String)
2018-08-28 17:56:14 INFO  RequestMappingHandlerMapping:547 - Mapped "{[/tokensForAFile]}" onto public java.util.HashMap<java.lang.String, java.lang.Integer> controller.ControllerForFileStats.getTokens(java.lang.String)
2018-08-28 17:56:14 INFO  RequestMappingHandlerMapping:547 - Mapped "{[/searchKeyword]}" onto public java.util.ArrayList<model.DirectoryFile> controller.ControllerForFileStats.searchKeyword(java.lang.String,java.lang.String)
2018-08-28 17:56:14 INFO  RequestMappingHandlerMapping:547 - Mapped "{[/openFileInViewer]}" onto public java.util.ArrayList<java.lang.Integer> controller.ControllerForFileStats.openFile(java.lang.String)
2018-08-28 17:56:14 INFO  RequestMappingHandlerMapping:547 - Mapped "{[/lastFolder]}" onto public java.lang.String controller.ControllerForFileStats.getListOfPaths()
2018-08-28 17:56:14 INFO  RequestMappingHandlerMapping:547 - Mapped "{[/error]}" onto public org.springframework.http.ResponseEntity<java.util.Map<java.lang.String, java.lang.Object>> org.springframework.boot.autoconfigure.web.servlet.error.BasicErrorController.error(javax.servlet.http.HttpServletRequest)
2018-08-28 17:56:14 INFO  RequestMappingHandlerMapping:547 - Mapped "{[/error],produces=[text/html]}" onto public org.springframework.web.servlet.ModelAndView org.springframework.boot.autoconfigure.web.servlet.error.BasicErrorController.errorHtml(javax.servlet.http.HttpServletRequest,javax.servlet.http.HttpServletResponse)
2018-08-28 17:56:14 INFO  SimpleUrlHandlerMapping:373 - Mapped URL path [/webjars/**] onto handler of type [class org.springframework.web.servlet.resource.ResourceHttpRequestHandler]
2018-08-28 17:56:14 INFO  SimpleUrlHandlerMapping:373 - Mapped URL path [/**] onto handler of type [class org.springframework.web.servlet.resource.ResourceHttpRequestHandler]
2018-08-28 17:56:14 INFO  WelcomePageHandlerMapping:56 - Adding welcome page: class path resource [static/index.html]
2018-08-28 17:56:15 INFO  AnnotationMBeanExporter:433 - Registering beans for JMX exposure on startup
2018-08-28 17:56:15 INFO  DefaultLifecycleProcessor:351 - Starting beans in phase 2147483647
2018-08-28 17:56:15 INFO  SimpleBrokerMessageHandler:158 - Starting...
2018-08-28 17:56:15 INFO  SimpleBrokerMessageHandler:256 - BrokerAvailabilityEvent[available=true, SimpleBrokerMessageHandler [DefaultSubscriptionRegistry[cache[0 destination(s)], registry[0 sessions]]]]
2018-08-28 17:56:15 INFO  SimpleBrokerMessageHandler:166 - Started.
2018-08-28 17:56:15 INFO  TomcatWebServer:206 - Tomcat started on port(s): 8080 (http) with context path ''
2018-08-28 17:56:15 INFO  FileStatsRestControllerApplication:59 - Started FileStatsRestControllerApplication in 2.937 seconds (JVM running for 3.954)
2018-08-28 17:56:57 INFO  DispatcherServlet:494 - FrameworkServlet 'dispatcherServlet': initialization started
2018-08-28 17:56:57 INFO  DispatcherServlet:509 - FrameworkServlet 'dispatcherServlet': initialization completed in 27 ms
2018-08-28 17:57:14 INFO  WebSocketMessageBrokerStats:124 - WebSocketSession[1 current WS(1)-HttpStream(0)-HttpPoll(0), 1 total, 0 closed abnormally (0 connect failure, 0 send limit, 0 transport error)], stompSubProtocol[processed CONNECT(1)-CONNECTED(1)-DISCONNECT(0)], stompBrokerRelay[null], inboundChannel[pool size = 8, active threads = 0, queued tasks = 0, completed tasks = 9], outboundChannelpool size = 1, active threads = 0, queued tasks = 0, completed tasks = 1], sockJsScheduler[pool size = 4, active threads = 1, queued tasks = 2, completed tasks = 4]
2018-08-28 17:57:16 INFO  FileStatistics:77 - Request Recieved to add path: C:\Users\mayank.patel\Desktop\test_folder
2018-08-28 17:57:16 INFO  FileStatistics:53 - Object of FileStatistics Instantiated
2018-08-28 17:57:16 INFO  FileStatistics:43 - PathMap object created, Path: C:\Users\mayank.patel\Desktop\test_folder
2018-08-28 17:57:16 INFO  FileStatistics:33 - New DirectoryFile created, name: Another.txt
2018-08-28 17:57:16 INFO  FileStatistics:161 - Status sent to client: 12
2018-08-28 17:57:16 INFO  FileStatistics:33 - New DirectoryFile created, name: Folder_1
2018-08-28 17:57:16 INFO  FileStatistics:33 - New DirectoryFile created, name: Folder innner
2018-08-28 17:57:16 INFO  FileStatistics:33 - New DirectoryFile created, name: New Text Document (4) - Copy.txt
2018-08-28 17:57:16 INFO  FileStatistics:161 - Status sent to client: 25
2018-08-28 17:57:16 INFO  FileStatistics:33 - New DirectoryFile created, name: New Text Document.txt
2018-08-28 17:57:16 INFO  FileStatistics:161 - Status sent to client: 37
2018-08-28 17:57:16 INFO  FileStatistics:110 - All folders added for path: C:\Users\mayank.patel\Desktop\test_folder\Folder_1\Folder innner
2018-08-28 17:57:16 INFO  FileStatistics:33 - New DirectoryFile created, name: New Text Document.txt
2018-08-28 17:57:16 INFO  FileStatistics:161 - Status sent to client: 50
2018-08-28 17:57:16 INFO  FileStatistics:110 - All folders added for path: C:\Users\mayank.patel\Desktop\test_folder\Folder_1
2018-08-28 17:57:16 INFO  FileStatistics:33 - New DirectoryFile created, name: German.txt
2018-08-28 17:57:16 INFO  FileStatistics:161 - Status sent to client: 62
2018-08-28 17:57:16 INFO  FileStatistics:33 - New DirectoryFile created, name: New Text Document (3).txt
2018-08-28 17:57:16 INFO  FileStatistics:161 - Status sent to client: 75
2018-08-28 17:57:16 INFO  FileStatistics:33 - New DirectoryFile created, name: Test_file.txt
2018-08-28 17:57:16 INFO  FileStatistics:161 - Status sent to client: 87
2018-08-28 17:57:16 INFO  FileStatistics:33 - New DirectoryFile created, name: Third.txt
2018-08-28 17:57:16 INFO  FileStatistics:161 - Status sent to client: 100
2018-08-28 17:57:16 INFO  FileStatistics:110 - All folders added for path: C:\Users\mayank.patel\Desktop\test_folder
2018-08-28 17:57:16 INFO  FileStatistics:33 - New DirectoryFile created, name: test_folder
2018-08-28 17:57:16 INFO  FileStatistics:77 - Path added : {test_folder=model.PathMap@ffffffff}
2018-08-28 17:57:16 INFO  FileStatistics:90 - Path added: C:\Users\mayank.patel\Desktop\test_folder
2018-08-28 17:57:18 INFO  FileStatistics:77 - Request Recieved to add path: C:\Users\mayank.patel\Desktop\test_folder
2018-08-28 17:57:18 INFO  FileStatistics:53 - Object of FileStatistics Instantiated
2018-08-28 17:57:18 INFO  FileStatistics:43 - PathMap object created, Path: C:\Users\mayank.patel\Desktop\test_folder
2018-08-28 17:57:18 INFO  FileStatistics:33 - New DirectoryFile created, name: Another.txt
2018-08-28 17:57:18 INFO  FileStatistics:161 - Status sent to client: 12
2018-08-28 17:57:18 INFO  FileStatistics:33 - New DirectoryFile created, name: Folder_1
2018-08-28 17:57:18 INFO  FileStatistics:33 - New DirectoryFile created, name: Folder innner
2018-08-28 17:57:18 INFO  FileStatistics:33 - New DirectoryFile created, name: New Text Document (4) - Copy.txt
2018-08-28 17:57:18 INFO  FileStatistics:161 - Status sent to client: 25
2018-08-28 17:57:18 INFO  FileStatistics:33 - New DirectoryFile created, name: New Text Document.txt
2018-08-28 17:57:18 INFO  FileStatistics:161 - Status sent to client: 37
2018-08-28 17:57:18 INFO  FileStatistics:110 - All folders added for path: C:\Users\mayank.patel\Desktop\test_folder\Folder_1\Folder innner
2018-08-28 17:57:18 INFO  FileStatistics:33 - New DirectoryFile created, name: New Text Document.txt
2018-08-28 17:57:18 INFO  FileStatistics:161 - Status sent to client: 50
2018-08-28 17:57:18 INFO  FileStatistics:110 - All folders added for path: C:\Users\mayank.patel\Desktop\test_folder\Folder_1
2018-08-28 17:57:18 INFO  FileStatistics:33 - New DirectoryFile created, name: German.txt
2018-08-28 17:57:18 INFO  FileStatistics:161 - Status sent to client: 62
2018-08-28 17:57:18 INFO  FileStatistics:33 - New DirectoryFile created, name: New Text Document (3).txt
2018-08-28 17:57:18 INFO  FileStatistics:161 - Status sent to client: 75
2018-08-28 17:57:18 INFO  FileStatistics:33 - New DirectoryFile created, name: Test_file.txt
2018-08-28 17:57:18 INFO  FileStatistics:161 - Status sent to client: 87
2018-08-28 17:57:18 INFO  FileStatistics:33 - New DirectoryFile created, name: Third.txt
2018-08-28 17:57:18 INFO  FileStatistics:161 - Status sent to client: 100
2018-08-28 17:57:18 INFO  FileStatistics:110 - All folders added for path: C:\Users\mayank.patel\Desktop\test_folder
2018-08-28 17:57:18 INFO  FileStatistics:90 - Path added: C:\Users\mayank.patel\Desktop\test_folder
2018-08-28 17:57:19 INFO  FileStatistics:55 - Request Recieved for files in folder: test_folder
2018-08-28 17:57:19 INFO  FileStatistics:53 - Object of FileStatistics Instantiated
2018-08-28 17:57:19 INFO  FileStatistics:43 - PathMap object created, Path: C:\Users\mayank.patel\Desktop\test_folder\Folder_1
2018-08-28 17:57:19 INFO  FileStatistics:33 - New DirectoryFile created, name: Folder innner
2018-08-28 17:57:19 INFO  FileStatistics:33 - New DirectoryFile created, name: New Text Document (4) - Copy.txt
2018-08-28 17:57:19 INFO  FileStatistics:33 - New DirectoryFile created, name: New Text Document.txt
2018-08-28 17:57:19 INFO  FileStatistics:33 - New DirectoryFile created, name: New Text Document.txt
2018-08-28 17:57:19 INFO  FileStatistics:33 - New DirectoryFile created, name: Folder_1
2018-08-28 17:57:19 INFO  FileStatistics:33 - New DirectoryFile created, name: test_folder
2018-08-28 17:57:19 INFO  FileStatistics:96 - Path inside a folder added: {Folder_1=model.PathMap@0, test_folder=model.PathMap@0}
2018-08-28 17:57:19 INFO  FileStatistics:116 - Files in folder: test_folder stored in the map
2018-08-28 17:57:19 INFO  FileStatistics:64 - Response Sent for files in folder: test_folder
2018-08-28 17:57:54 INFO  SpringApplicationAdminMXBeanRegistrar$SpringApplicationAdmin:132 - Application shutdown requested.
2018-08-28 17:57:54 INFO  AnnotationConfigServletWebServerApplicationContext:993 - Closing org.springframework.boot.web.servlet.context.AnnotationConfigServletWebServerApplicationContext@4df828d7: startup date [Tue Aug 28 17:56:12 IST 2018]; root of context hierarchy
2018-08-28 17:57:54 INFO  DefaultLifecycleProcessor:366 - Stopping beans in phase 2147483647
2018-08-28 17:57:54 INFO  SimpleBrokerMessageHandler:176 - Stopping...
2018-08-28 17:57:54 INFO  SimpleBrokerMessageHandler:266 - BrokerAvailabilityEvent[available=false, SimpleBrokerMessageHandler [DefaultSubscriptionRegistry[cache[0 destination(s)], registry[0 sessions]]]]
2018-08-28 17:57:54 INFO  SimpleBrokerMessageHandler:184 - Stopped.
2018-08-28 17:57:54 INFO  AnnotationMBeanExporter:451 - Unregistering JMX-exposed beans on shutdown
2018-08-28 17:57:54 INFO  ThreadPoolTaskExecutor:208 - Shutting down ExecutorService 'brokerChannelExecutor'
2018-08-28 17:57:54 INFO  ThreadPoolTaskScheduler:208 - Shutting down ExecutorService 'messageBrokerTaskScheduler'
2018-08-28 17:57:54 INFO  ThreadPoolTaskExecutor:208 - Shutting down ExecutorService 'clientOutboundChannelExecutor'
2018-08-28 17:57:54 INFO  ThreadPoolTaskExecutor:208 - Shutting down ExecutorService 'clientInboundChannelExecutor'
